<?xml version="1.0" encoding="UTF-8"?>
<coverage generated="1784973315474" clover="3.2.0">
  <project timestamp="1784973315475" name="All files">
    <metrics statements="153" coveredstatements="118" conditionals="68" coveredconditionals="47" methods="62" coveredmethods="28" elements="283" coveredelements="193" complexity="0" loc="153" ncloc="153" packages="8" files="14" classes="14"/>
    <package name="app">
      <metrics statements="15" coveredstatements="15" conditionals="0" coveredconditionals="0" methods="15" coveredmethods="3"/>
      <file name="AppRoutes.tsx" path="C:\Users\stone\Desktop\المشروع تار\src\app\AppRoutes.tsx">
        <metrics statements="15" coveredstatements="15" conditionals="0" coveredconditionals="0" methods="15" coveredmethods="3"/>
        <line num="8" count="1" type="stmt"/>
        <line num="11" count="1" type="stmt"/>
        <line num="12" count="1" type="stmt"/>
        <line num="13" count="1" type="stmt"/>
        <line num="14" count="1" type="stmt"/>
        <line num="15" count="1" type="stmt"/>
        <line num="16" count="1" type="stmt"/>
        <line num="17" count="1" type="stmt"/>
        <line num="18" count="1" type="stmt"/>
        <line num="19" count="1" type="stmt"/>
        <line num="20" count="1" type="stmt"/>
        <line num="21" count="1" type="stmt"/>
        <line num="22" count="1" type="stmt"/>
        <line num="23" count="1" type="stmt"/>
        <line num="26" count="3" type="stmt"/>
      </file>
    </package>
    <package name="components.cinematic">
      <metrics statements="31" coveredstatements="29" conditionals="10" coveredconditionals="5" methods="11" coveredmethods="8"/>
      <file name="CinematicIntro.tsx" path="C:\Users\stone\Desktop\المشروع تار\src\components\cinematic\CinematicIntro.tsx">
        <metrics statements="31" coveredstatements="29" conditionals="10" coveredconditionals="5" methods="11" coveredmethods="8"/>
        <line num="15" count="3" type="stmt"/>
        <line num="16" count="3" type="stmt"/>
        <line num="17" count="3" type="stmt"/>
        <line num="19" count="3" type="stmt"/>
        <line num="20" count="3" type="cond" truecount="1" falsecount="1"/>
        <line num="21" count="3" type="stmt"/>
        <line num="24" count="3" type="stmt"/>
        <line num="25" count="3" type="stmt"/>
        <line num="26" count="3" type="stmt"/>
        <line num="27" count="12" type="stmt"/>
        <line num="28" count="3" type="stmt"/>
        <line num="29" count="3" type="stmt"/>
        <line num="31" count="3" type="stmt"/>
        <line num="32" count="18" type="stmt"/>
        <line num="33" count="12" type="stmt"/>
        <line num="36" count="3" type="stmt"/>
        <line num="38" count="3" type="stmt"/>
        <line num="39" count="3" type="stmt"/>
        <line num="40" count="3" type="stmt"/>
        <line num="41" count="0" type="stmt"/>
        <line num="42" count="0" type="stmt"/>
        <line num="44" count="3" type="stmt"/>
        <line num="46" count="3" type="cond" truecount="1" falsecount="1"/>
        <line num="47" count="3" type="stmt"/>
        <line num="49" count="3" type="stmt"/>
        <line num="50" count="3" type="stmt"/>
        <line num="51" count="3" type="stmt"/>
        <line num="52" count="3" type="stmt"/>
        <line num="53" count="3" type="stmt"/>
        <line num="57" count="3" type="stmt"/>
        <line num="59" count="3" type="stmt"/>
      </file>
    </package>
    <package name="components.common">
      <metrics statements="30" coveredstatements="10" conditionals="33" coveredconditionals="19" methods="11" coveredmethods="5"/>
      <file name="Container.tsx" path="C:\Users\stone\Desktop\المشروع تار\src\components\common\Container.tsx">
        <metrics statements="2" coveredstatements="2" conditionals="4" coveredconditionals="4" methods="1" coveredmethods="1"/>
        <line num="17" count="23" type="cond" truecount="2" falsecount="0"/>
        <line num="19" count="23" type="stmt"/>
      </file>
      <file name="InteractiveSurface.tsx" path="C:\Users\stone\Desktop\المشروع تار\src\components\common\InteractiveSurface.tsx">
        <metrics statements="19" coveredstatements="0" conditionals="6" coveredconditionals="0" methods="5" coveredmethods="0"/>
        <line num="13" count="0" type="stmt"/>
        <line num="14" count="0" type="stmt"/>
        <line num="15" count="0" type="stmt"/>
        <line num="16" count="0" type="stmt"/>
        <line num="17" count="0" type="stmt"/>
        <line num="18" count="0" type="stmt"/>
        <line num="20" count="0" type="stmt"/>
        <line num="21" count="0" type="stmt"/>
        <line num="23" count="0" type="stmt"/>
        <line num="24" count="0" type="stmt"/>
        <line num="25" count="0" type="cond" truecount="0" falsecount="4"/>
        <line num="26" count="0" type="stmt"/>
        <line num="27" count="0" type="stmt"/>
        <line num="29" count="0" type="stmt"/>
        <line num="32" count="0" type="stmt"/>
        <line num="33" count="0" type="stmt"/>
        <line num="34" count="0" type="stmt"/>
        <line num="35" count="0" type="stmt"/>
        <line num="38" count="0" type="stmt"/>
      </file>
      <file name="SectionHeader.tsx" path="C:\Users\stone\Desktop\المشروع تار\src\components\common\SectionHeader.tsx">
        <metrics statements="1" coveredstatements="1" conditionals="4" coveredconditionals="4" methods="1" coveredmethods="1"/>
        <line num="12" count="5" type="stmt"/>
      </file>
      <file name="SitePage.tsx" path="C:\Users\stone\Desktop\المشروع تار\src\components\common\SitePage.tsx">
        <metrics statements="8" coveredstatements="7" conditionals="19" coveredconditionals="11" methods="4" coveredmethods="3"/>
        <line num="17" count="6" type="stmt"/>
        <line num="27" count="6" type="stmt"/>
        <line num="28" count="6" type="cond" truecount="1" falsecount="1"/>
        <line num="30" count="6" type="stmt"/>
        <line num="53" count="12" type="stmt"/>
        <line num="54" count="12" type="cond" truecount="3" falsecount="1"/>
        <line num="55" count="12" type="stmt"/>
        <line num="72" count="0" type="stmt"/>
      </file>
      <file name="index.ts" path="C:\Users\stone\Desktop\المشروع تار\src\components\common\index.ts">
        <metrics statements="0" coveredstatements="0" conditionals="0" coveredconditionals="0" methods="0" coveredmethods="0"/>
      </file>
    </package>
    <package name="components.ui">
      <metrics statements="4" coveredstatements="4" conditionals="11" coveredconditionals="9" methods="1" coveredmethods="1"/>
      <file name="Button.tsx" path="C:\Users\stone\Desktop\المشروع تار\src\components\ui\Button.tsx">
        <metrics statements="4" coveredstatements="4" conditionals="11" coveredconditionals="9" methods="1" coveredmethods="1"/>
        <line num="10" count="7" type="stmt"/>
        <line num="13" count="7" type="cond" truecount="1" falsecount="1"/>
        <line num="20" count="7" type="cond" truecount="2" falsecount="0"/>
        <line num="26" count="7" type="stmt"/>
      </file>
    </package>
    <package name="data">
      <metrics statements="35" coveredstatements="22" conditionals="0" coveredconditionals="0" methods="14" coveredmethods="1"/>
      <file name="capabilityPages.ts" path="C:\Users\stone\Desktop\المشروع تار\src\data\capabilityPages.ts">
        <metrics statements="5" coveredstatements="5" conditionals="0" coveredconditionals="0" methods="1" coveredmethods="1"/>
        <line num="3" count="4" type="stmt"/>
        <line num="7" count="1" type="stmt"/>
        <line num="19" count="1" type="stmt"/>
        <line num="31" count="1" type="stmt"/>
        <line num="43" count="1" type="stmt"/>
      </file>
      <file name="siteContent.ts" path="C:\Users\stone\Desktop\المشروع تار\src\data\siteContent.ts">
        <metrics statements="15" coveredstatements="15" conditionals="0" coveredconditionals="0" methods="0" coveredmethods="0"/>
        <line num="27" count="2" type="stmt"/>
        <line num="38" count="2" type="stmt"/>
        <line num="44" count="2" type="stmt"/>
        <line num="51" count="2" type="stmt"/>
        <line num="82" count="2" type="stmt"/>
        <line num="103" count="2" type="stmt"/>
        <line num="136" count="2" type="stmt"/>
        <line num="154" count="2" type="stmt"/>
        <line num="163" count="2" type="stmt"/>
        <line num="176" count="2" type="stmt"/>
        <line num="185" count="2" type="stmt"/>
        <line num="200" count="2" type="stmt"/>
        <line num="215" count="2" type="stmt"/>
        <line num="236" count="2" type="stmt"/>
        <line num="251" count="2" type="stmt"/>
      </file>
      <file name="siteNavigation.ts" path="C:\Users\stone\Desktop\المشروع تار\src\data\siteNavigation.ts">
        <metrics statements="15" coveredstatements="2" conditionals="0" coveredconditionals="0" methods="13" coveredmethods="0"/>
        <line num="7" count="1" type="stmt"/>
        <line num="10" count="0" type="stmt"/>
        <line num="11" count="0" type="stmt"/>
        <line num="12" count="0" type="stmt"/>
        <line num="13" count="0" type="stmt"/>
        <line num="14" count="0" type="stmt"/>
        <line num="15" count="0" type="stmt"/>
        <line num="16" count="0" type="stmt"/>
        <line num="17" count="0" type="stmt"/>
        <line num="18" count="0" type="stmt"/>
        <line num="19" count="0" type="stmt"/>
        <line num="20" count="0" type="stmt"/>
        <line num="23" count="1" type="stmt"/>
        <line num="25" count="0" type="stmt"/>
        <line num="26" count="0" type="stmt"/>
      </file>
    </package>
    <package name="hooks">
      <metrics statements="31" coveredstatements="31" conditionals="9" coveredconditionals="9" methods="5" coveredmethods="5"/>
      <file name="usePageMeta.ts" path="C:\Users\stone\Desktop\المشروع تار\src\hooks\usePageMeta.ts">
        <metrics statements="31" coveredstatements="31" conditionals="9" coveredconditionals="9" methods="5" coveredmethods="5"/>
        <line num="3" count="2" type="stmt"/>
        <line num="13" count="102" type="stmt"/>
        <line num="14" count="102" type="cond" truecount="2" falsecount="0"/>
        <line num="15" count="66" type="stmt"/>
        <line num="16" count="66" type="stmt"/>
        <line num="17" count="66" type="stmt"/>
        <line num="19" count="102" type="stmt"/>
        <line num="23" count="17" type="stmt"/>
        <line num="24" count="17" type="cond" truecount="2" falsecount="0"/>
        <line num="25" count="11" type="stmt"/>
        <line num="26" count="11" type="stmt"/>
        <line num="27" count="11" type="stmt"/>
        <line num="29" count="17" type="stmt"/>
        <line num="33" count="18" type="stmt"/>
        <line num="34" count="17" type="stmt"/>
        <line num="35" count="17" type="cond" truecount="2" falsecount="0"/>
        <line num="37" count="17" type="stmt"/>
        <line num="38" count="17" type="stmt"/>
        <line num="39" count="17" type="stmt"/>
        <line num="40" count="17" type="stmt"/>
        <line num="41" count="17" type="stmt"/>
        <line num="42" count="17" type="stmt"/>
        <line num="43" count="17" type="stmt"/>
        <line num="44" count="17" type="stmt"/>
        <line num="45" count="17" type="stmt"/>
        <line num="46" count="17" type="cond" truecount="2" falsecount="0"/>
        <line num="47" count="11" type="stmt"/>
        <line num="48" count="11" type="stmt"/>
        <line num="49" count="11" type="stmt"/>
        <line num="50" count="11" type="stmt"/>
        <line num="52" count="17" type="stmt"/>
      </file>
    </package>
    <package name="pages">
      <metrics statements="6" coveredstatements="6" conditionals="4" coveredconditionals="4" methods="4" coveredmethods="4"/>
      <file name="Contact.tsx" path="C:\Users\stone\Desktop\المشروع تار\src\pages\Contact.tsx">
        <metrics statements="6" coveredstatements="6" conditionals="4" coveredconditionals="4" methods="4" coveredmethods="4"/>
        <line num="8" count="6" type="stmt"/>
        <line num="9" count="6" type="stmt"/>
        <line num="10" count="6" type="stmt"/>
        <line num="11" count="6" type="stmt"/>
        <line num="12" count="18" type="cond" truecount="4" falsecount="0"/>
        <line num="13" count="18" type="stmt"/>
      </file>
    </package>
    <package name="test.mocks">
      <metrics statements="1" coveredstatements="1" conditionals="1" coveredconditionals="1" methods="1" coveredmethods="1"/>
      <file name="router.tsx" path="C:\Users\stone\Desktop\المشروع تار\src\test\mocks\router.tsx">
        <metrics statements="1" coveredstatements="1" conditionals="1" coveredconditionals="1" methods="1" coveredmethods="1"/>
        <line num="5" count="6" type="stmt"/>
      </file>
    </package>
  </project>
</coverage>
