{"C:\\Users\\stone\\Desktop\\المشروع تار\\src\\app\\AppRoutes.tsx": {"path":"C:\\Users\\stone\\Desktop\\المشروع تار\\src\\app\\AppRoutes.tsx","statementMap":{"0":{"start":{"line":8,"column":2},"end":{"line":8,"column":null}},"1":{"start":{"line":11,"column":18},"end":{"line":11,"column":null}},"2":{"start":{"line":11,"column":29},"end":{"line":11,"column":null}},"3":{"start":{"line":12,"column":21},"end":{"line":12,"column":null}},"4":{"start":{"line":12,"column":32},"end":{"line":12,"column":null}},"5":{"start":{"line":13,"column":23},"end":{"line":13,"column":null}},"6":{"start":{"line":13,"column":34},"end":{"line":13,"column":null}},"7":{"start":{"line":14,"column":23},"end":{"line":14,"column":null}},"8":{"start":{"line":14,"column":34},"end":{"line":14,"column":null}},"9":{"start":{"line":15,"column":29},"end":{"line":15,"column":null}},"10":{"start":{"line":15,"column":40},"end":{"line":15,"column":null}},"11":{"start":{"line":16,"column":31},"end":{"line":16,"column":null}},"12":{"start":{"line":16,"column":42},"end":{"line":16,"column":null}},"13":{"start":{"line":17,"column":33},"end":{"line":17,"column":null}},"14":{"start":{"line":17,"column":44},"end":{"line":17,"column":null}},"15":{"start":{"line":18,"column":30},"end":{"line":18,"column":null}},"16":{"start":{"line":18,"column":41},"end":{"line":18,"column":null}},"17":{"start":{"line":19,"column":21},"end":{"line":19,"column":null}},"18":{"start":{"line":19,"column":32},"end":{"line":19,"column":null}},"19":{"start":{"line":20,"column":23},"end":{"line":20,"column":null}},"20":{"start":{"line":20,"column":34},"end":{"line":20,"column":null}},"21":{"start":{"line":21,"column":20},"end":{"line":21,"column":null}},"22":{"start":{"line":21,"column":31},"end":{"line":21,"column":null}},"23":{"start":{"line":22,"column":20},"end":{"line":22,"column":null}},"24":{"start":{"line":22,"column":31},"end":{"line":22,"column":null}},"25":{"start":{"line":23,"column":18},"end":{"line":23,"column":null}},"26":{"start":{"line":23,"column":29},"end":{"line":23,"column":null}},"27":{"start":{"line":26,"column":2},"end":{"line":47,"column":null}}},"fnMap":{"0":{"name":"RouteLoading","decl":{"start":{"line":7,"column":9},"end":{"line":7,"column":24}},"loc":{"start":{"line":7,"column":24},"end":{"line":9,"column":null}},"line":7},"1":{"name":"(anonymous_1)","decl":{"start":{"line":11,"column":18},"end":{"line":11,"column":29}},"loc":{"start":{"line":11,"column":29},"end":{"line":11,"column":null}},"line":11},"2":{"name":"(anonymous_2)","decl":{"start":{"line":12,"column":21},"end":{"line":12,"column":32}},"loc":{"start":{"line":12,"column":32},"end":{"line":12,"column":null}},"line":12},"3":{"name":"(anonymous_3)","decl":{"start":{"line":13,"column":23},"end":{"line":13,"column":34}},"loc":{"start":{"line":13,"column":34},"end":{"line":13,"column":null}},"line":13},"4":{"name":"(anonymous_4)","decl":{"start":{"line":14,"column":23},"end":{"line":14,"column":34}},"loc":{"start":{"line":14,"column":34},"end":{"line":14,"column":null}},"line":14},"5":{"name":"(anonymous_5)","decl":{"start":{"line":15,"column":29},"end":{"line":15,"column":40}},"loc":{"start":{"line":15,"column":40},"end":{"line":15,"column":null}},"line":15},"6":{"name":"(anonymous_6)","decl":{"start":{"line":16,"column":31},"end":{"line":16,"column":42}},"loc":{"start":{"line":16,"column":42},"end":{"line":16,"column":null}},"line":16},"7":{"name":"(anonymous_7)","decl":{"start":{"line":17,"column":33},"end":{"line":17,"column":44}},"loc":{"start":{"line":17,"column":44},"end":{"line":17,"column":null}},"line":17},"8":{"name":"(anonymous_8)","decl":{"start":{"line":18,"column":30},"end":{"line":18,"column":41}},"loc":{"start":{"line":18,"column":41},"end":{"line":18,"column":null}},"line":18},"9":{"name":"(anonymous_9)","decl":{"start":{"line":19,"column":21},"end":{"line":19,"column":32}},"loc":{"start":{"line":19,"column":32},"end":{"line":19,"column":null}},"line":19},"10":{"name":"(anonymous_10)","decl":{"start":{"line":20,"column":23},"end":{"line":20,"column":34}},"loc":{"start":{"line":20,"column":34},"end":{"line":20,"column":null}},"line":20},"11":{"name":"(anonymous_11)","decl":{"start":{"line":21,"column":20},"end":{"line":21,"column":31}},"loc":{"start":{"line":21,"column":31},"end":{"line":21,"column":null}},"line":21},"12":{"name":"(anonymous_12)","decl":{"start":{"line":22,"column":20},"end":{"line":22,"column":31}},"loc":{"start":{"line":22,"column":31},"end":{"line":22,"column":null}},"line":22},"13":{"name":"(anonymous_13)","decl":{"start":{"line":23,"column":18},"end":{"line":23,"column":29}},"loc":{"start":{"line":23,"column":29},"end":{"line":23,"column":null}},"line":23},"14":{"name":"AppRoutes","decl":{"start":{"line":25,"column":24},"end":{"line":25,"column":36}},"loc":{"start":{"line":25,"column":36},"end":{"line":49,"column":null}},"line":25}},"branchMap":{},"s":{"0":1,"1":1,"2":1,"3":1,"4":0,"5":1,"6":0,"7":1,"8":0,"9":1,"10":0,"11":1,"12":0,"13":1,"14":0,"15":1,"16":0,"17":1,"18":0,"19":1,"20":0,"21":1,"22":0,"23":1,"24":0,"25":1,"26":0,"27":3},"f":{"0":1,"1":1,"2":0,"3":0,"4":0,"5":0,"6":0,"7":0,"8":0,"9":0,"10":0,"11":0,"12":0,"13":0,"14":3},"b":{},"meta":{"lastBranch":0,"lastFunction":15,"lastStatement":28,"seen":{"f:7:9:7:24":0,"s:8:2:8:Infinity":0,"s:11:18:11:Infinity":1,"f:11:18:11:29":1,"s:11:29:11:Infinity":2,"s:12:21:12:Infinity":3,"f:12:21:12:32":2,"s:12:32:12:Infinity":4,"s:13:23:13:Infinity":5,"f:13:23:13:34":3,"s:13:34:13:Infinity":6,"s:14:23:14:Infinity":7,"f:14:23:14:34":4,"s:14:34:14:Infinity":8,"s:15:29:15:Infinity":9,"f:15:29:15:40":5,"s:15:40:15:Infinity":10,"s:16:31:16:Infinity":11,"f:16:31:16:42":6,"s:16:42:16:Infinity":12,"s:17:33:17:Infinity":13,"f:17:33:17:44":7,"s:17:44:17:Infinity":14,"s:18:30:18:Infinity":15,"f:18:30:18:41":8,"s:18:41:18:Infinity":16,"s:19:21:19:Infinity":17,"f:19:21:19:32":9,"s:19:32:19:Infinity":18,"s:20:23:20:Infinity":19,"f:20:23:20:34":10,"s:20:34:20:Infinity":20,"s:21:20:21:Infinity":21,"f:21:20:21:31":11,"s:21:31:21:Infinity":22,"s:22:20:22:Infinity":23,"f:22:20:22:31":12,"s:22:31:22:Infinity":24,"s:23:18:23:Infinity":25,"f:23:18:23:29":13,"s:23:29:23:Infinity":26,"f:25:24:25:36":14,"s:26:2:47:Infinity":27},"fnNames":{}}}
,"C:\\Users\\stone\\Desktop\\المشروع تار\\src\\components\\cinematic\\CinematicIntro.tsx": {"path":"C:\\Users\\stone\\Desktop\\المشروع تار\\src\\components\\cinematic\\CinematicIntro.tsx","statementMap":{"0":{"start":{"line":15,"column":24},"end":{"line":15,"column":41}},"1":{"start":{"line":16,"column":28},"end":{"line":16,"column":null}},"2":{"start":{"line":17,"column":34},"end":{"line":17,"column":null}},"3":{"start":{"line":19,"column":18},"end":{"line":22,"column":null}},"4":{"start":{"line":20,"column":4},"end":{"line":20,"column":null}},"5":{"start":{"line":20,"column":23},"end":{"line":20,"column":null}},"6":{"start":{"line":21,"column":4},"end":{"line":21,"column":null}},"7":{"start":{"line":24,"column":2},"end":{"line":55,"column":null}},"8":{"start":{"line":25,"column":25},"end":{"line":25,"column":null}},"9":{"start":{"line":26,"column":4},"end":{"line":26,"column":null}},"10":{"start":{"line":27,"column":18},"end":{"line":27,"column":null}},"11":{"start":{"line":27,"column":58},"end":{"line":27,"column":65}},"12":{"start":{"line":28,"column":33},"end":{"line":28,"column":null}},"13":{"start":{"line":29,"column":31},"end":{"line":29,"column":null}},"14":{"start":{"line":31,"column":4},"end":{"line":34,"column":null}},"15":{"start":{"line":32,"column":20},"end":{"line":32,"column":null}},"16":{"start":{"line":32,"column":59},"end":{"line":32,"column":78}},"17":{"start":{"line":33,"column":6},"end":{"line":33,"column":null}},"18":{"start":{"line":33,"column":44},"end":{"line":33,"column":57}},"19":{"start":{"line":36,"column":4},"end":{"line":36,"column":null}},"20":{"start":{"line":36,"column":42},"end":{"line":36,"column":54}},"21":{"start":{"line":38,"column":18},"end":{"line":38,"column":null}},"22":{"start":{"line":39,"column":14},"end":{"line":39,"column":null}},"23":{"start":{"line":40,"column":10},"end":{"line":43,"column":null}},"24":{"start":{"line":41,"column":6},"end":{"line":41,"column":null}},"25":{"start":{"line":42,"column":6},"end":{"line":42,"column":null}},"26":{"start":{"line":44,"column":4},"end":{"line":44,"column":null}},"27":{"start":{"line":46,"column":10},"end":{"line":46,"column":null}},"28":{"start":{"line":46,"column":42},"end":{"line":46,"column":77}},"29":{"start":{"line":46,"column":66},"end":{"line":46,"column":77}},"30":{"start":{"line":47,"column":4},"end":{"line":47,"column":null}},"31":{"start":{"line":49,"column":4},"end":{"line":54,"column":null}},"32":{"start":{"line":50,"column":6},"end":{"line":50,"column":null}},"33":{"start":{"line":51,"column":6},"end":{"line":51,"column":null}},"34":{"start":{"line":52,"column":6},"end":{"line":52,"column":null}},"35":{"start":{"line":53,"column":6},"end":{"line":53,"column":null}},"36":{"start":{"line":57,"column":21},"end":{"line":57,"column":null}},"37":{"start":{"line":59,"column":2},"end":{"line":193,"column":null}}},"fnMap":{"0":{"name":"CinematicIntro","decl":{"start":{"line":14,"column":16},"end":{"line":14,"column":31}},"loc":{"start":{"line":14,"column":66},"end":{"line":195,"column":null}},"line":14},"1":{"name":"(anonymous_1)","decl":{"start":{"line":19,"column":18},"end":{"line":19,"column":32}},"loc":{"start":{"line":19,"column":32},"end":{"line":22,"column":5}},"line":19},"2":{"name":"(anonymous_2)","decl":{"start":{"line":24,"column":2},"end":{"line":24,"column":18}},"loc":{"start":{"line":24,"column":18},"end":{"line":55,"column":5}},"line":24},"3":{"name":"(anonymous_3)","decl":{"start":{"line":27,"column":41},"end":{"line":27,"column":49}},"loc":{"start":{"line":27,"column":58},"end":{"line":27,"column":65}},"line":27},"4":{"name":"(anonymous_4)","decl":{"start":{"line":31,"column":11},"end":{"line":31,"column":20}},"loc":{"start":{"line":31,"column":29},"end":{"line":34,"column":5}},"line":31},"5":{"name":"(anonymous_5)","decl":{"start":{"line":32,"column":39},"end":{"line":32,"column":47}},"loc":{"start":{"line":32,"column":59},"end":{"line":32,"column":78}},"line":32},"6":{"name":"(anonymous_6)","decl":{"start":{"line":33,"column":27},"end":{"line":33,"column":44}},"loc":{"start":{"line":33,"column":44},"end":{"line":33,"column":57}},"line":33},"7":{"name":"(anonymous_7)","decl":{"start":{"line":36,"column":25},"end":{"line":36,"column":42}},"loc":{"start":{"line":36,"column":42},"end":{"line":36,"column":54}},"line":36},"8":{"name":"(anonymous_8)","decl":{"start":{"line":40,"column":10},"end":{"line":40,"column":18}},"loc":{"start":{"line":40,"column":34},"end":{"line":43,"column":null}},"line":40},"9":{"name":"(anonymous_9)","decl":{"start":{"line":46,"column":10},"end":{"line":46,"column":19}},"loc":{"start":{"line":46,"column":40},"end":{"line":46,"column":null}},"line":46},"10":{"name":"(anonymous_10)","decl":{"start":{"line":49,"column":4},"end":{"line":49,"column":17}},"loc":{"start":{"line":49,"column":17},"end":{"line":54,"column":null}},"line":49}},"branchMap":{"0":{"loc":{"start":{"line":20,"column":4},"end":{"line":20,"column":null}},"type":"if","locations":[{"start":{"line":20,"column":4},"end":{"line":20,"column":null}},{"start":{},"end":{}}],"line":20},"1":{"loc":{"start":{"line":46,"column":42},"end":{"line":46,"column":77}},"type":"if","locations":[{"start":{"line":46,"column":42},"end":{"line":46,"column":77}},{"start":{},"end":{}}],"line":46},"2":{"loc":{"start":{"line":140,"column":13},"end":{"line":147,"column":null}},"type":"binary-expr","locations":[{"start":{"line":140,"column":13},"end":{"line":140,"column":null}},{"start":{"line":141,"column":14},"end":{"line":147,"column":null}}],"line":140},"3":{"loc":{"start":{"line":163,"column":13},"end":{"line":174,"column":null}},"type":"binary-expr","locations":[{"start":{"line":163,"column":13},"end":{"line":163,"column":null}},{"start":{"line":164,"column":14},"end":{"line":174,"column":null}}],"line":163},"4":{"loc":{"start":{"line":184,"column":9},"end":{"line":192,"column":null}},"type":"binary-expr","locations":[{"start":{"line":184,"column":9},"end":{"line":184,"column":null}},{"start":{"line":185,"column":10},"end":{"line":192,"column":null}}],"line":184}},"s":{"0":3,"1":3,"2":3,"3":3,"4":3,"5":0,"6":3,"7":3,"8":3,"9":3,"10":3,"11":12,"12":3,"13":3,"14":3,"15":12,"16":18,"17":12,"18":0,"19":3,"20":0,"21":3,"22":3,"23":3,"24":0,"25":0,"26":3,"27":3,"28":1,"29":1,"30":3,"31":3,"32":3,"33":3,"34":3,"35":3,"36":3,"37":3},"f":{"0":3,"1":3,"2":3,"3":12,"4":12,"5":18,"6":0,"7":0,"8":0,"9":1,"10":3},"b":{"0":[0,3],"1":[1,0],"2":[3,0],"3":[3,0],"4":[3,0]},"meta":{"lastBranch":5,"lastFunction":11,"lastStatement":38,"seen":{"f:14:16:14:31":0,"s:15:24:15:41":0,"s:16:28:16:Infinity":1,"s:17:34:17:Infinity":2,"s:19:18:22:Infinity":3,"f:19:18:19:32":1,"b:20:4:20:Infinity:undefined:undefined:undefined:undefined":0,"s:20:4:20:Infinity":4,"s:20:23:20:Infinity":5,"s:21:4:21:Infinity":6,"s:24:2:55:Infinity":7,"f:24:2:24:18":2,"s:25:25:25:Infinity":8,"s:26:4:26:Infinity":9,"s:27:18:27:Infinity":10,"f:27:41:27:49":3,"s:27:58:27:65":11,"s:28:33:28:Infinity":12,"s:29:31:29:Infinity":13,"s:31:4:34:Infinity":14,"f:31:11:31:20":4,"s:32:20:32:Infinity":15,"f:32:39:32:47":5,"s:32:59:32:78":16,"s:33:6:33:Infinity":17,"f:33:27:33:44":6,"s:33:44:33:57":18,"s:36:4:36:Infinity":19,"f:36:25:36:42":7,"s:36:42:36:54":20,"s:38:18:38:Infinity":21,"s:39:14:39:Infinity":22,"s:40:10:43:Infinity":23,"f:40:10:40:18":8,"s:41:6:41:Infinity":24,"s:42:6:42:Infinity":25,"s:44:4:44:Infinity":26,"s:46:10:46:Infinity":27,"f:46:10:46:19":9,"b:46:42:46:77:undefined:undefined:undefined:undefined":1,"s:46:42:46:77":28,"s:46:66:46:77":29,"s:47:4:47:Infinity":30,"s:49:4:54:Infinity":31,"f:49:4:49:17":10,"s:50:6:50:Infinity":32,"s:51:6:51:Infinity":33,"s:52:6:52:Infinity":34,"s:53:6:53:Infinity":35,"s:57:21:57:Infinity":36,"s:59:2:193:Infinity":37,"b:140:13:140:Infinity:141:14:147:Infinity":2,"b:163:13:163:Infinity:164:14:174:Infinity":3,"b:184:9:184:Infinity:185:10:192:Infinity":4},"fnNames":{}}}
,"C:\\Users\\stone\\Desktop\\المشروع تار\\src\\components\\common\\Container.tsx": {"path":"C:\\Users\\stone\\Desktop\\المشروع تار\\src\\components\\common\\Container.tsx","statementMap":{"0":{"start":{"line":17,"column":20},"end":{"line":17,"column":null}},"1":{"start":{"line":19,"column":2},"end":{"line":22,"column":null}}},"fnMap":{"0":{"name":"Container","decl":{"start":{"line":10,"column":16},"end":{"line":10,"column":57}},"loc":{"start":{"line":16,"column":22},"end":{"line":24,"column":null}},"line":16}},"branchMap":{"0":{"loc":{"start":{"line":13,"column":2},"end":{"line":13,"column":null}},"type":"default-arg","locations":[{"start":{"line":13,"column":14},"end":{"line":13,"column":null}}],"line":13},"1":{"loc":{"start":{"line":14,"column":2},"end":{"line":14,"column":null}},"type":"default-arg","locations":[{"start":{"line":14,"column":18},"end":{"line":14,"column":null}}],"line":14},"2":{"loc":{"start":{"line":17,"column":20},"end":{"line":17,"column":null}},"type":"binary-expr","locations":[{"start":{"line":17,"column":20},"end":{"line":17,"column":26}},{"start":{"line":17,"column":26},"end":{"line":17,"column":null}}],"line":17}},"s":{"0":23,"1":23},"f":{"0":23},"b":{"0":[23],"1":[23],"2":[23,22]},"meta":{"lastBranch":3,"lastFunction":1,"lastStatement":2,"seen":{"f:10:16:10:57":0,"b:13:14:13:Infinity":0,"b:14:18:14:Infinity":1,"s:17:20:17:Infinity":0,"b:17:20:17:26:17:26:17:Infinity":2,"s:19:2:22:Infinity":1},"fnNames":{}}}
,"C:\\Users\\stone\\Desktop\\المشروع تار\\src\\components\\common\\InteractiveSurface.tsx": {"path":"C:\\Users\\stone\\Desktop\\المشروع تار\\src\\components\\common\\InteractiveSurface.tsx","statementMap":{"0":{"start":{"line":13,"column":24},"end":{"line":13,"column":41}},"1":{"start":{"line":14,"column":21},"end":{"line":14,"column":null}},"2":{"start":{"line":15,"column":19},"end":{"line":15,"column":null}},"3":{"start":{"line":16,"column":19},"end":{"line":16,"column":null}},"4":{"start":{"line":17,"column":18},"end":{"line":17,"column":null}},"5":{"start":{"line":18,"column":18},"end":{"line":18,"column":null}},"6":{"start":{"line":20,"column":2},"end":{"line":20,"column":null}},"7":{"start":{"line":20,"column":52},"end":{"line":20,"column":121}},"8":{"start":{"line":21,"column":2},"end":{"line":21,"column":null}},"9":{"start":{"line":21,"column":52},"end":{"line":21,"column":121}},"10":{"start":{"line":23,"column":8},"end":{"line":30,"column":null}},"11":{"start":{"line":24,"column":19},"end":{"line":24,"column":null}},"12":{"start":{"line":25,"column":4},"end":{"line":28,"column":null}},"13":{"start":{"line":26,"column":6},"end":{"line":26,"column":null}},"14":{"start":{"line":27,"column":6},"end":{"line":27,"column":null}},"15":{"start":{"line":29,"column":4},"end":{"line":29,"column":null}},"16":{"start":{"line":32,"column":8},"end":{"line":36,"column":null}},"17":{"start":{"line":33,"column":4},"end":{"line":33,"column":null}},"18":{"start":{"line":34,"column":4},"end":{"line":34,"column":null}},"19":{"start":{"line":35,"column":4},"end":{"line":35,"column":null}},"20":{"start":{"line":38,"column":2},"end":{"line":46,"column":null}}},"fnMap":{"0":{"name":"InteractiveSurface","decl":{"start":{"line":12,"column":16},"end":{"line":12,"column":35}},"loc":{"start":{"line":12,"column":150},"end":{"line":48,"column":null}},"line":12},"1":{"name":"(anonymous_1)","decl":{"start":{"line":20,"column":31},"end":{"line":20,"column":42}},"loc":{"start":{"line":20,"column":52},"end":{"line":20,"column":121}},"line":20},"2":{"name":"(anonymous_2)","decl":{"start":{"line":21,"column":31},"end":{"line":21,"column":42}},"loc":{"start":{"line":21,"column":52},"end":{"line":21,"column":121}},"line":21},"3":{"name":"(anonymous_3)","decl":{"start":{"line":23,"column":8},"end":{"line":23,"column":66}},"loc":{"start":{"line":23,"column":76},"end":{"line":30,"column":null}},"line":23},"4":{"name":"(anonymous_4)","decl":{"start":{"line":32,"column":8},"end":{"line":32,"column":67}},"loc":{"start":{"line":32,"column":77},"end":{"line":36,"column":null}},"line":32}},"branchMap":{"0":{"loc":{"start":{"line":12,"column":37},"end":{"line":12,"column":53}},"type":"default-arg","locations":[{"start":{"line":12,"column":49},"end":{"line":12,"column":53}}],"line":12},"1":{"loc":{"start":{"line":12,"column":53},"end":{"line":12,"column":75}},"type":"default-arg","locations":[{"start":{"line":12,"column":65},"end":{"line":12,"column":75}}],"line":12},"2":{"loc":{"start":{"line":25,"column":4},"end":{"line":28,"column":null}},"type":"if","locations":[{"start":{"line":25,"column":4},"end":{"line":28,"column":null}},{"start":{},"end":{}}],"line":25},"3":{"loc":{"start":{"line":25,"column":8},"end":{"line":25,"column":34}},"type":"binary-expr","locations":[{"start":{"line":25,"column":8},"end":{"line":25,"column":26}},{"start":{"line":25,"column":26},"end":{"line":25,"column":34}}],"line":25}},"s":{"0":0,"1":0,"2":0,"3":0,"4":0,"5":0,"6":0,"7":0,"8":0,"9":0,"10":0,"11":0,"12":0,"13":0,"14":0,"15":0,"16":0,"17":0,"18":0,"19":0,"20":0},"f":{"0":0,"1":0,"2":0,"3":0,"4":0},"b":{"0":[0],"1":[0],"2":[0,0],"3":[0,0]},"meta":{"lastBranch":4,"lastFunction":5,"lastStatement":21,"seen":{"f:12:16:12:35":0,"b:12:49:12:53":0,"b:12:65:12:75":1,"s:13:24:13:41":0,"s:14:21:14:Infinity":1,"s:15:19:15:Infinity":2,"s:16:19:16:Infinity":3,"s:17:18:17:Infinity":4,"s:18:18:18:Infinity":5,"s:20:2:20:Infinity":6,"f:20:31:20:42":1,"s:20:52:20:121":7,"s:21:2:21:Infinity":8,"f:21:31:21:42":2,"s:21:52:21:121":9,"s:23:8:30:Infinity":10,"f:23:8:23:66":3,"s:24:19:24:Infinity":11,"b:25:4:28:Infinity:undefined:undefined:undefined:undefined":2,"s:25:4:28:Infinity":12,"b:25:8:25:26:25:26:25:34":3,"s:26:6:26:Infinity":13,"s:27:6:27:Infinity":14,"s:29:4:29:Infinity":15,"s:32:8:36:Infinity":16,"f:32:8:32:67":4,"s:33:4:33:Infinity":17,"s:34:4:34:Infinity":18,"s:35:4:35:Infinity":19,"s:38:2:46:Infinity":20},"fnNames":{}}}
,"C:\\Users\\stone\\Desktop\\المشروع تار\\src\\components\\common\\SectionHeader.tsx": {"path":"C:\\Users\\stone\\Desktop\\المشروع تار\\src\\components\\common\\SectionHeader.tsx","statementMap":{"0":{"start":{"line":12,"column":2},"end":{"line":34,"column":null}}},"fnMap":{"0":{"name":"SectionHeader","decl":{"start":{"line":11,"column":16},"end":{"line":11,"column":30}},"loc":{"start":{"line":11,"column":107},"end":{"line":36,"column":null}},"line":11}},"branchMap":{"0":{"loc":{"start":{"line":14,"column":7},"end":{"line":18,"column":null}},"type":"cond-expr","locations":[{"start":{"line":15,"column":8},"end":{"line":18,"column":null}},{"start":{"line":18,"column":10},"end":{"line":18,"column":null}}],"line":14},"1":{"loc":{"start":{"line":26,"column":7},"end":{"line":33,"column":null}},"type":"cond-expr","locations":[{"start":{"line":27,"column":8},"end":{"line":33,"column":null}},{"start":{"line":33,"column":10},"end":{"line":33,"column":null}}],"line":26}},"s":{"0":5},"f":{"0":5},"b":{"0":[1,4],"1":[1,4]},"meta":{"lastBranch":2,"lastFunction":1,"lastStatement":1,"seen":{"f:11:16:11:30":0,"s:12:2:34:Infinity":0,"b:15:8:18:Infinity:18:10:18:Infinity":0,"b:27:8:33:Infinity:33:10:33:Infinity":1},"fnNames":{}}}
,"C:\\Users\\stone\\Desktop\\المشروع تار\\src\\components\\common\\SitePage.tsx": {"path":"C:\\Users\\stone\\Desktop\\المشروع تار\\src\\components\\common\\SitePage.tsx","statementMap":{"0":{"start":{"line":17,"column":2},"end":{"line":22,"column":null}},"1":{"start":{"line":27,"column":24},"end":{"line":27,"column":41}},"2":{"start":{"line":28,"column":17},"end":{"line":28,"column":null}},"3":{"start":{"line":30,"column":2},"end":{"line":48,"column":null}},"4":{"start":{"line":53,"column":24},"end":{"line":53,"column":41}},"5":{"start":{"line":54,"column":18},"end":{"line":54,"column":null}},"6":{"start":{"line":55,"column":2},"end":{"line":67,"column":null}},"7":{"start":{"line":72,"column":2},"end":{"line":82,"column":null}}},"fnMap":{"0":{"name":"Breadcrumb","decl":{"start":{"line":16,"column":16},"end":{"line":16,"column":27}},"loc":{"start":{"line":16,"column":61},"end":{"line":24,"column":null}},"line":16},"1":{"name":"SitePage","decl":{"start":{"line":26,"column":16},"end":{"line":26,"column":25}},"loc":{"start":{"line":26,"column":138},"end":{"line":50,"column":null}},"line":26},"2":{"name":"PageSection","decl":{"start":{"line":52,"column":16},"end":{"line":52,"column":28}},"loc":{"start":{"line":52,"column":168},"end":{"line":69,"column":null}},"line":52},"3":{"name":"PageCta","decl":{"start":{"line":71,"column":16},"end":{"line":71,"column":24}},"loc":{"start":{"line":71,"column":175},"end":{"line":84,"column":null}},"line":71}},"branchMap":{"0":{"loc":{"start":{"line":26,"column":73},"end":{"line":26,"column":99}},"type":"default-arg","locations":[{"start":{"line":26,"column":84},"end":{"line":26,"column":99}}],"line":26},"1":{"loc":{"start":{"line":26,"column":99},"end":{"line":26,"column":138}},"type":"default-arg","locations":[{"start":{"line":26,"column":109},"end":{"line":26,"column":138}}],"line":26},"2":{"loc":{"start":{"line":28,"column":17},"end":{"line":28,"column":null}},"type":"cond-expr","locations":[{"start":{"line":28,"column":33},"end":{"line":28,"column":38}},{"start":{"line":28,"column":38},"end":{"line":28,"column":null}}],"line":28},"3":{"loc":{"start":{"line":52,"column":56},"end":{"line":52,"column":168}},"type":"default-arg","locations":[{"start":{"line":52,"column":63},"end":{"line":52,"column":168}}],"line":52},"4":{"loc":{"start":{"line":54,"column":18},"end":{"line":54,"column":null}},"type":"cond-expr","locations":[{"start":{"line":54,"column":36},"end":{"line":54,"column":84}},{"start":{"line":54,"column":84},"end":{"line":54,"column":null}}],"line":54},"5":{"loc":{"start":{"line":54,"column":84},"end":{"line":54,"column":null}},"type":"cond-expr","locations":[{"start":{"line":54,"column":103},"end":{"line":54,"column":141}},{"start":{"line":54,"column":141},"end":{"line":54,"column":null}}],"line":54},"6":{"loc":{"start":{"line":56,"column":29},"end":{"line":56,"column":116}},"type":"cond-expr","locations":[{"start":{"line":56,"column":45},"end":{"line":56,"column":53}},{"start":{"line":56,"column":53},"end":{"line":56,"column":116}}],"line":56},"7":{"loc":{"start":{"line":56,"column":129},"end":{"line":56,"column":218}},"type":"cond-expr","locations":[{"start":{"line":56,"column":145},"end":{"line":56,"column":157}},{"start":{"line":56,"column":157},"end":{"line":56,"column":218}}],"line":56},"8":{"loc":{"start":{"line":62,"column":11},"end":{"line":62,"column":null}},"type":"cond-expr","locations":[{"start":{"line":62,"column":21},"end":{"line":62,"column":null}},{"start":{"line":62,"column":123},"end":{"line":62,"column":null}}],"line":62},"9":{"loc":{"start":{"line":63,"column":110},"end":{"line":63,"column":183}},"type":"cond-expr","locations":[{"start":{"line":63,"column":128},"end":{"line":63,"column":143}},{"start":{"line":63,"column":143},"end":{"line":63,"column":183}}],"line":63},"10":{"loc":{"start":{"line":71,"column":26},"end":{"line":71,"column":57}},"type":"default-arg","locations":[{"start":{"line":71,"column":34},"end":{"line":71,"column":57}}],"line":71},"11":{"loc":{"start":{"line":71,"column":57},"end":{"line":71,"column":175}},"type":"default-arg","locations":[{"start":{"line":71,"column":64},"end":{"line":71,"column":175}}],"line":71}},"s":{"0":6,"1":6,"2":6,"3":6,"4":12,"5":12,"6":12,"7":0},"f":{"0":6,"1":6,"2":12,"3":0},"b":{"0":[6],"1":[6],"2":[0,6],"3":[12],"4":[0,12],"5":[6,6],"6":[0,12],"7":[0,12],"8":[12,0],"9":[0,12],"10":[0],"11":[0]},"meta":{"lastBranch":12,"lastFunction":4,"lastStatement":8,"seen":{"f:16:16:16:27":0,"s:17:2:22:Infinity":0,"f:26:16:26:25":1,"b:26:84:26:99":0,"b:26:109:26:138":1,"s:27:24:27:41":1,"s:28:17:28:Infinity":2,"b:28:33:28:38:28:38:28:Infinity":2,"s:30:2:48:Infinity":3,"f:52:16:52:28":2,"b:52:63:52:168":3,"s:53:24:53:41":4,"s:54:18:54:Infinity":5,"b:54:36:54:84:54:84:54:Infinity":4,"b:54:103:54:141:54:141:54:Infinity":5,"s:55:2:67:Infinity":6,"b:56:45:56:53:56:53:56:116":6,"b:56:145:56:157:56:157:56:218":7,"b:62:21:62:Infinity:62:123:62:Infinity":8,"b:63:128:63:143:63:143:63:183":9,"f:71:16:71:24":3,"b:71:34:71:57":10,"b:71:64:71:175":11,"s:72:2:82:Infinity":7},"fnNames":{}}}
,"C:\\Users\\stone\\Desktop\\المشروع تار\\src\\components\\common\\index.ts": {"path":"C:\\Users\\stone\\Desktop\\المشروع تار\\src\\components\\common\\index.ts","statementMap":{},"fnMap":{},"branchMap":{},"s":{},"f":{},"b":{},"meta":{"lastBranch":0,"lastFunction":0,"lastStatement":0,"seen":{},"fnNames":{}}}
,"C:\\Users\\stone\\Desktop\\المشروع تار\\src\\components\\ui\\Button.tsx": {"path":"C:\\Users\\stone\\Desktop\\المشروع تار\\src\\components\\ui\\Button.tsx","statementMap":{"0":{"start":{"line":10,"column":15},"end":{"line":10,"column":null}},"1":{"start":{"line":13,"column":4},"end":{"line":17,"column":null}},"2":{"start":{"line":20,"column":4},"end":{"line":24,"column":null}},"3":{"start":{"line":26,"column":2},"end":{"line":29,"column":null}}},"fnMap":{"0":{"name":"Button","decl":{"start":{"line":9,"column":16},"end":{"line":9,"column":23}},"loc":{"start":{"line":9,"column":109},"end":{"line":31,"column":null}},"line":9}},"branchMap":{"0":{"loc":{"start":{"line":9,"column":25},"end":{"line":9,"column":46}},"type":"default-arg","locations":[{"start":{"line":9,"column":35},"end":{"line":9,"column":46}}],"line":9},"1":{"loc":{"start":{"line":9,"column":46},"end":{"line":9,"column":59}},"type":"default-arg","locations":[{"start":{"line":9,"column":53},"end":{"line":9,"column":59}}],"line":9},"2":{"loc":{"start":{"line":9,"column":59},"end":{"line":9,"column":75}},"type":"default-arg","locations":[{"start":{"line":9,"column":71},"end":{"line":9,"column":75}}],"line":9},"3":{"loc":{"start":{"line":13,"column":4},"end":{"line":17,"column":null}},"type":"cond-expr","locations":[{"start":{"line":14,"column":8},"end":{"line":14,"column":null}},{"start":{"line":15,"column":8},"end":{"line":17,"column":null}}],"line":13},"4":{"loc":{"start":{"line":15,"column":8},"end":{"line":17,"column":null}},"type":"cond-expr","locations":[{"start":{"line":16,"column":8},"end":{"line":16,"column":null}},{"start":{"line":17,"column":8},"end":{"line":17,"column":null}}],"line":15},"5":{"loc":{"start":{"line":20,"column":4},"end":{"line":24,"column":null}},"type":"cond-expr","locations":[{"start":{"line":21,"column":8},"end":{"line":21,"column":null}},{"start":{"line":22,"column":8},"end":{"line":24,"column":null}}],"line":20},"6":{"loc":{"start":{"line":22,"column":8},"end":{"line":24,"column":null}},"type":"cond-expr","locations":[{"start":{"line":23,"column":8},"end":{"line":23,"column":null}},{"start":{"line":24,"column":8},"end":{"line":24,"column":null}}],"line":22}},"s":{"0":7,"1":7,"2":7,"3":7},"f":{"0":7},"b":{"0":[7],"1":[7],"2":[7],"3":[0,7],"4":[0,7],"5":[5,2],"6":[1,1]},"meta":{"lastBranch":7,"lastFunction":1,"lastStatement":4,"seen":{"f:9:16:9:23":0,"b:9:35:9:46":0,"b:9:53:9:59":1,"b:9:71:9:75":2,"s:10:15:10:Infinity":0,"s:13:4:17:Infinity":1,"b:14:8:14:Infinity:15:8:17:Infinity":3,"b:16:8:16:Infinity:17:8:17:Infinity":4,"s:20:4:24:Infinity":2,"b:21:8:21:Infinity:22:8:24:Infinity":5,"b:23:8:23:Infinity:24:8:24:Infinity":6,"s:26:2:29:Infinity":3},"fnNames":{}}}
,"C:\\Users\\stone\\Desktop\\المشروع تار\\src\\data\\capabilityPages.ts": {"path":"C:\\Users\\stone\\Desktop\\المشروع تار\\src\\data\\capabilityPages.ts","statementMap":{"0":{"start":{"line":3,"column":6},"end":{"line":5,"column":null}},"1":{"start":{"line":3,"column":117},"end":{"line":5,"column":null}},"2":{"start":{"line":7,"column":56},"end":{"line":17,"column":null}},"3":{"start":{"line":19,"column":58},"end":{"line":29,"column":null}},"4":{"start":{"line":31,"column":55},"end":{"line":41,"column":null}},"5":{"start":{"line":43,"column":54},"end":{"line":53,"column":null}}},"fnMap":{"0":{"name":"(anonymous_0)","decl":{"start":{"line":3,"column":6},"end":{"line":3,"column":17}},"loc":{"start":{"line":3,"column":117},"end":{"line":5,"column":null}},"line":3}},"branchMap":{},"s":{"0":1,"1":4,"2":1,"3":1,"4":1,"5":1},"f":{"0":4},"b":{},"meta":{"lastBranch":0,"lastFunction":1,"lastStatement":6,"seen":{"s:3:6:5:Infinity":0,"f:3:6:3:17":0,"s:3:117:5:Infinity":1,"s:7:56:17:Infinity":2,"s:19:58:29:Infinity":3,"s:31:55:41:Infinity":4,"s:43:54:53:Infinity":5},"fnNames":{}}}
,"C:\\Users\\stone\\Desktop\\المشروع تار\\src\\data\\siteContent.ts": {"path":"C:\\Users\\stone\\Desktop\\المشروع تار\\src\\data\\siteContent.ts","statementMap":{"0":{"start":{"line":27,"column":49},"end":{"line":36,"column":null}},"1":{"start":{"line":38,"column":27},"end":{"line":42,"column":null}},"2":{"start":{"line":44,"column":32},"end":{"line":49,"column":null}},"3":{"start":{"line":51,"column":39},"end":{"line":80,"column":null}},"4":{"start":{"line":82,"column":41},"end":{"line":101,"column":null}},"5":{"start":{"line":103,"column":28},"end":{"line":134,"column":null}},"6":{"start":{"line":136,"column":31},"end":{"line":152,"column":null}},"7":{"start":{"line":154,"column":26},"end":{"line":161,"column":null}},"8":{"start":{"line":163,"column":28},"end":{"line":174,"column":null}},"9":{"start":{"line":176,"column":28},"end":{"line":183,"column":null}},"10":{"start":{"line":185,"column":28},"end":{"line":198,"column":null}},"11":{"start":{"line":200,"column":31},"end":{"line":213,"column":null}},"12":{"start":{"line":215,"column":28},"end":{"line":234,"column":null}},"13":{"start":{"line":236,"column":20},"end":{"line":249,"column":null}},"14":{"start":{"line":251,"column":47},"end":{"line":255,"column":null}}},"fnMap":{},"branchMap":{},"s":{"0":2,"1":2,"2":2,"3":2,"4":2,"5":2,"6":2,"7":2,"8":2,"9":2,"10":2,"11":2,"12":2,"13":2,"14":2},"f":{},"b":{},"meta":{"lastBranch":0,"lastFunction":0,"lastStatement":15,"seen":{"s:27:49:36:Infinity":0,"s:38:27:42:Infinity":1,"s:44:32:49:Infinity":2,"s:51:39:80:Infinity":3,"s:82:41:101:Infinity":4,"s:103:28:134:Infinity":5,"s:136:31:152:Infinity":6,"s:154:26:161:Infinity":7,"s:163:28:174:Infinity":8,"s:176:28:183:Infinity":9,"s:185:28:198:Infinity":10,"s:200:31:213:Infinity":11,"s:215:28:234:Infinity":12,"s:236:20:249:Infinity":13,"s:251:47:255:Infinity":14},"fnNames":{}}}
,"C:\\Users\\stone\\Desktop\\المشروع تار\\src\\data\\siteNavigation.ts": {"path":"C:\\Users\\stone\\Desktop\\المشروع تار\\src\\data\\siteNavigation.ts","statementMap":{"0":{"start":{"line":7,"column":52},"end":{"line":21,"column":null}},"1":{"start":{"line":10,"column":53},"end":{"line":10,"column":78}},"2":{"start":{"line":11,"column":57},"end":{"line":11,"column":85}},"3":{"start":{"line":12,"column":77},"end":{"line":12,"column":115}},"4":{"start":{"line":13,"column":79},"end":{"line":13,"column":119}},"5":{"start":{"line":14,"column":60},"end":{"line":14,"column":90}},"6":{"start":{"line":15,"column":59},"end":{"line":15,"column":89}},"7":{"start":{"line":16,"column":66},"end":{"line":16,"column":102}},"8":{"start":{"line":17,"column":76},"end":{"line":17,"column":113}},"9":{"start":{"line":18,"column":59},"end":{"line":18,"column":89}},"10":{"start":{"line":19,"column":55},"end":{"line":19,"column":83}},"11":{"start":{"line":20,"column":54},"end":{"line":20,"column":81}},"12":{"start":{"line":23,"column":32},"end":{"line":27,"column":null}},"13":{"start":{"line":25,"column":57},"end":{"line":25,"column":84}},"14":{"start":{"line":26,"column":53},"end":{"line":26,"column":78}}},"fnMap":{"0":{"name":"(anonymous_0)","decl":{"start":{"line":10,"column":37},"end":{"line":10,"column":53}},"loc":{"start":{"line":10,"column":53},"end":{"line":10,"column":78}},"line":10},"1":{"name":"(anonymous_1)","decl":{"start":{"line":11,"column":41},"end":{"line":11,"column":57}},"loc":{"start":{"line":11,"column":57},"end":{"line":11,"column":85}},"line":11},"2":{"name":"(anonymous_2)","decl":{"start":{"line":12,"column":61},"end":{"line":12,"column":77}},"loc":{"start":{"line":12,"column":77},"end":{"line":12,"column":115}},"line":12},"3":{"name":"(anonymous_3)","decl":{"start":{"line":13,"column":63},"end":{"line":13,"column":79}},"loc":{"start":{"line":13,"column":79},"end":{"line":13,"column":119}},"line":13},"4":{"name":"(anonymous_4)","decl":{"start":{"line":14,"column":44},"end":{"line":14,"column":60}},"loc":{"start":{"line":14,"column":60},"end":{"line":14,"column":90}},"line":14},"5":{"name":"(anonymous_5)","decl":{"start":{"line":15,"column":43},"end":{"line":15,"column":59}},"loc":{"start":{"line":15,"column":59},"end":{"line":15,"column":89}},"line":15},"6":{"name":"(anonymous_6)","decl":{"start":{"line":16,"column":50},"end":{"line":16,"column":66}},"loc":{"start":{"line":16,"column":66},"end":{"line":16,"column":102}},"line":16},"7":{"name":"(anonymous_7)","decl":{"start":{"line":17,"column":60},"end":{"line":17,"column":76}},"loc":{"start":{"line":17,"column":76},"end":{"line":17,"column":113}},"line":17},"8":{"name":"(anonymous_8)","decl":{"start":{"line":18,"column":43},"end":{"line":18,"column":59}},"loc":{"start":{"line":18,"column":59},"end":{"line":18,"column":89}},"line":18},"9":{"name":"(anonymous_9)","decl":{"start":{"line":19,"column":39},"end":{"line":19,"column":55}},"loc":{"start":{"line":19,"column":55},"end":{"line":19,"column":83}},"line":19},"10":{"name":"(anonymous_10)","decl":{"start":{"line":20,"column":38},"end":{"line":20,"column":54}},"loc":{"start":{"line":20,"column":54},"end":{"line":20,"column":81}},"line":20},"11":{"name":"(anonymous_11)","decl":{"start":{"line":25,"column":41},"end":{"line":25,"column":57}},"loc":{"start":{"line":25,"column":57},"end":{"line":25,"column":84}},"line":25},"12":{"name":"(anonymous_12)","decl":{"start":{"line":26,"column":37},"end":{"line":26,"column":53}},"loc":{"start":{"line":26,"column":53},"end":{"line":26,"column":78}},"line":26}},"branchMap":{},"s":{"0":1,"1":0,"2":0,"3":0,"4":0,"5":0,"6":0,"7":0,"8":0,"9":0,"10":0,"11":0,"12":1,"13":0,"14":0},"f":{"0":0,"1":0,"2":0,"3":0,"4":0,"5":0,"6":0,"7":0,"8":0,"9":0,"10":0,"11":0,"12":0},"b":{},"meta":{"lastBranch":0,"lastFunction":13,"lastStatement":15,"seen":{"s:7:52:21:Infinity":0,"f:10:37:10:53":0,"s:10:53:10:78":1,"f:11:41:11:57":1,"s:11:57:11:85":2,"f:12:61:12:77":2,"s:12:77:12:115":3,"f:13:63:13:79":3,"s:13:79:13:119":4,"f:14:44:14:60":4,"s:14:60:14:90":5,"f:15:43:15:59":5,"s:15:59:15:89":6,"f:16:50:16:66":6,"s:16:66:16:102":7,"f:17:60:17:76":7,"s:17:76:17:113":8,"f:18:43:18:59":8,"s:18:59:18:89":9,"f:19:39:19:55":9,"s:19:55:19:83":10,"f:20:38:20:54":10,"s:20:54:20:81":11,"s:23:32:27:Infinity":12,"f:25:41:25:57":11,"s:25:57:25:84":13,"f:26:37:26:53":12,"s:26:53:26:78":14},"fnNames":{}}}
,"C:\\Users\\stone\\Desktop\\المشروع تار\\src\\hooks\\usePageMeta.ts": {"path":"C:\\Users\\stone\\Desktop\\المشروع تار\\src\\hooks\\usePageMeta.ts","statementMap":{"0":{"start":{"line":3,"column":16},"end":{"line":3,"column":null}},"1":{"start":{"line":13,"column":16},"end":{"line":13,"column":null}},"2":{"start":{"line":14,"column":2},"end":{"line":18,"column":null}},"3":{"start":{"line":15,"column":4},"end":{"line":15,"column":null}},"4":{"start":{"line":16,"column":4},"end":{"line":16,"column":null}},"5":{"start":{"line":16,"column":58},"end":{"line":16,"column":92}},"6":{"start":{"line":17,"column":4},"end":{"line":17,"column":null}},"7":{"start":{"line":19,"column":2},"end":{"line":19,"column":null}},"8":{"start":{"line":23,"column":16},"end":{"line":23,"column":null}},"9":{"start":{"line":24,"column":2},"end":{"line":28,"column":null}},"10":{"start":{"line":25,"column":4},"end":{"line":25,"column":null}},"11":{"start":{"line":26,"column":4},"end":{"line":26,"column":null}},"12":{"start":{"line":27,"column":4},"end":{"line":27,"column":null}},"13":{"start":{"line":29,"column":2},"end":{"line":29,"column":null}},"14":{"start":{"line":33,"column":2},"end":{"line":61,"column":null}},"15":{"start":{"line":34,"column":4},"end":{"line":34,"column":null}},"16":{"start":{"line":35,"column":30},"end":{"line":35,"column":null}},"17":{"start":{"line":37,"column":4},"end":{"line":37,"column":null}},"18":{"start":{"line":38,"column":4},"end":{"line":38,"column":null}},"19":{"start":{"line":39,"column":4},"end":{"line":39,"column":null}},"20":{"start":{"line":40,"column":4},"end":{"line":40,"column":null}},"21":{"start":{"line":41,"column":4},"end":{"line":41,"column":null}},"22":{"start":{"line":42,"column":4},"end":{"line":42,"column":null}},"23":{"start":{"line":43,"column":4},"end":{"line":43,"column":null}},"24":{"start":{"line":44,"column":21},"end":{"line":44,"column":null}},"25":{"start":{"line":45,"column":17},"end":{"line":45,"column":null}},"26":{"start":{"line":46,"column":4},"end":{"line":51,"column":null}},"27":{"start":{"line":47,"column":6},"end":{"line":47,"column":null}},"28":{"start":{"line":48,"column":6},"end":{"line":48,"column":null}},"29":{"start":{"line":49,"column":6},"end":{"line":49,"column":null}},"30":{"start":{"line":50,"column":6},"end":{"line":50,"column":null}},"31":{"start":{"line":52,"column":4},"end":{"line":60,"column":null}}},"fnMap":{"0":{"name":"getOrCreateMeta","decl":{"start":{"line":12,"column":9},"end":{"line":12,"column":25}},"loc":{"start":{"line":12,"column":79},"end":{"line":20,"column":null}},"line":12},"1":{"name":"(anonymous_1)","decl":{"start":{"line":16,"column":31},"end":{"line":16,"column":40}},"loc":{"start":{"line":16,"column":58},"end":{"line":16,"column":92}},"line":16},"2":{"name":"getOrCreateCanonical","decl":{"start":{"line":22,"column":9},"end":{"line":22,"column":32}},"loc":{"start":{"line":22,"column":32},"end":{"line":30,"column":null}},"line":22},"3":{"name":"usePageMeta","decl":{"start":{"line":32,"column":16},"end":{"line":32,"column":28}},"loc":{"start":{"line":32,"column":97},"end":{"line":62,"column":null}},"line":32},"4":{"name":"(anonymous_4)","decl":{"start":{"line":33,"column":2},"end":{"line":33,"column":18}},"loc":{"start":{"line":33,"column":18},"end":{"line":61,"column":5}},"line":33}},"branchMap":{"0":{"loc":{"start":{"line":14,"column":2},"end":{"line":18,"column":null}},"type":"if","locations":[{"start":{"line":14,"column":2},"end":{"line":18,"column":null}},{"start":{},"end":{}}],"line":14},"1":{"loc":{"start":{"line":24,"column":2},"end":{"line":28,"column":null}},"type":"if","locations":[{"start":{"line":24,"column":2},"end":{"line":28,"column":null}},{"start":{},"end":{}}],"line":24},"2":{"loc":{"start":{"line":32,"column":61},"end":{"line":32,"column":97}},"type":"default-arg","locations":[{"start":{"line":32,"column":74},"end":{"line":32,"column":97}}],"line":32},"3":{"loc":{"start":{"line":35,"column":30},"end":{"line":35,"column":null}},"type":"binary-expr","locations":[{"start":{"line":35,"column":30},"end":{"line":35,"column":43}},{"start":{"line":35,"column":43},"end":{"line":35,"column":null}}],"line":35},"4":{"loc":{"start":{"line":46,"column":4},"end":{"line":51,"column":null}},"type":"if","locations":[{"start":{"line":46,"column":4},"end":{"line":51,"column":null}},{"start":{},"end":{}}],"line":46}},"s":{"0":2,"1":102,"2":102,"3":66,"4":66,"5":66,"6":66,"7":102,"8":17,"9":17,"10":11,"11":11,"12":11,"13":17,"14":18,"15":17,"16":17,"17":17,"18":17,"19":17,"20":17,"21":17,"22":17,"23":17,"24":17,"25":17,"26":17,"27":11,"28":11,"29":11,"30":11,"31":17},"f":{"0":102,"1":66,"2":17,"3":18,"4":17},"b":{"0":[66,36],"1":[11,6],"2":[18],"3":[17,11],"4":[11,6]},"meta":{"lastBranch":5,"lastFunction":5,"lastStatement":32,"seen":{"s:3:16:3:Infinity":0,"f:12:9:12:25":0,"s:13:16:13:Infinity":1,"b:14:2:18:Infinity:undefined:undefined:undefined:undefined":0,"s:14:2:18:Infinity":2,"s:15:4:15:Infinity":3,"s:16:4:16:Infinity":4,"f:16:31:16:40":1,"s:16:58:16:92":5,"s:17:4:17:Infinity":6,"s:19:2:19:Infinity":7,"f:22:9:22:32":2,"s:23:16:23:Infinity":8,"b:24:2:28:Infinity:undefined:undefined:undefined:undefined":1,"s:24:2:28:Infinity":9,"s:25:4:25:Infinity":10,"s:26:4:26:Infinity":11,"s:27:4:27:Infinity":12,"s:29:2:29:Infinity":13,"f:32:16:32:28":3,"b:32:74:32:97":2,"s:33:2:61:Infinity":14,"f:33:2:33:18":4,"s:34:4:34:Infinity":15,"s:35:30:35:Infinity":16,"b:35:30:35:43:35:43:35:Infinity":3,"s:37:4:37:Infinity":17,"s:38:4:38:Infinity":18,"s:39:4:39:Infinity":19,"s:40:4:40:Infinity":20,"s:41:4:41:Infinity":21,"s:42:4:42:Infinity":22,"s:43:4:43:Infinity":23,"s:44:21:44:Infinity":24,"s:45:17:45:Infinity":25,"b:46:4:51:Infinity:undefined:undefined:undefined:undefined":4,"s:46:4:51:Infinity":26,"s:47:6:47:Infinity":27,"s:48:6:48:Infinity":28,"s:49:6:49:Infinity":29,"s:50:6:50:Infinity":30,"s:52:4:60:Infinity":31},"fnNames":{}}}
,"C:\\Users\\stone\\Desktop\\المشروع تار\\src\\pages\\Contact.tsx": {"path":"C:\\Users\\stone\\Desktop\\المشروع تار\\src\\pages\\Contact.tsx","statementMap":{"0":{"start":{"line":8,"column":36},"end":{"line":8,"column":null}},"1":{"start":{"line":9,"column":2},"end":{"line":9,"column":null}},"2":{"start":{"line":10,"column":8},"end":{"line":10,"column":null}},"3":{"start":{"line":10,"column":58},"end":{"line":10,"column":82}},"4":{"start":{"line":10,"column":82},"end":{"line":10,"column":101}},"5":{"start":{"line":11,"column":2},"end":{"line":14,"column":null}},"6":{"start":{"line":12,"column":2567},"end":{"line":12,"column":2834}},"7":{"start":{"line":13,"column":156},"end":{"line":13,"column":372}}},"fnMap":{"0":{"name":"ContactPage","decl":{"start":{"line":7,"column":24},"end":{"line":7,"column":38}},"loc":{"start":{"line":7,"column":38},"end":{"line":15,"column":null}},"line":7},"1":{"name":"(anonymous_1)","decl":{"start":{"line":10,"column":8},"end":{"line":10,"column":18}},"loc":{"start":{"line":10,"column":56},"end":{"line":10,"column":null}},"line":10},"2":{"name":"(anonymous_2)","decl":{"start":{"line":12,"column":2555},"end":{"line":12,"column":2559}},"loc":{"start":{"line":12,"column":2567},"end":{"line":12,"column":2834}},"line":12},"3":{"name":"(anonymous_3)","decl":{"start":{"line":13,"column":144},"end":{"line":13,"column":148}},"loc":{"start":{"line":13,"column":156},"end":{"line":13,"column":372}},"line":13}},"branchMap":{"0":{"loc":{"start":{"line":12,"column":1879},"end":{"line":12,"column":2110}},"type":"cond-expr","locations":[{"start":{"line":12,"column":1891},"end":{"line":12,"column":2110}},{"start":{"line":12,"column":2099},"end":{"line":12,"column":2110}}],"line":12},"1":{"loc":{"start":{"line":12,"column":2647},"end":{"line":12,"column":2834}},"type":"cond-expr","locations":[{"start":{"line":12,"column":2659},"end":{"line":12,"column":2784}},{"start":{"line":12,"column":2783},"end":{"line":12,"column":2834}}],"line":12}},"s":{"0":6,"1":6,"2":6,"3":1,"4":1,"5":6,"6":18,"7":18},"f":{"0":6,"1":1,"2":18,"3":18},"b":{"0":[1,5],"1":[12,6]},"meta":{"lastBranch":2,"lastFunction":4,"lastStatement":8,"seen":{"f:7:24:7:38":0,"s:8:36:8:Infinity":0,"s:9:2:9:Infinity":1,"s:10:8:10:Infinity":2,"f:10:8:10:18":1,"s:10:58:10:82":3,"s:10:82:10:101":4,"s:11:2:14:Infinity":5,"b:12:1891:12:2110:12:2099:12:2110":0,"f:12:2555:12:2559":2,"s:12:2567:12:2834":6,"b:12:2659:12:2784:12:2783:12:2834":1,"f:13:144:13:148":3,"s:13:156:13:372":7},"fnNames":{}}}
,"C:\\Users\\stone\\Desktop\\المشروع تار\\src\\test\\mocks\\router.tsx": {"path":"C:\\Users\\stone\\Desktop\\المشروع تار\\src\\test\\mocks\\router.tsx","statementMap":{"0":{"start":{"line":5,"column":2},"end":{"line":5,"column":null}}},"fnMap":{"0":{"name":"TestRouter","decl":{"start":{"line":4,"column":16},"end":{"line":4,"column":27}},"loc":{"start":{"line":4,"column":117},"end":{"line":6,"column":null}},"line":4}},"branchMap":{"0":{"loc":{"start":{"line":4,"column":39},"end":{"line":4,"column":117}},"type":"default-arg","locations":[{"start":{"line":4,"column":56},"end":{"line":4,"column":117}}],"line":4}},"s":{"0":6},"f":{"0":6},"b":{"0":[6]},"meta":{"lastBranch":1,"lastFunction":1,"lastStatement":1,"seen":{"f:4:16:4:27":0,"b:4:56:4:117":0,"s:5:2:5:Infinity":0},"fnNames":{}}}
}
